
> cdn@0.0.0 dev
> vite


  VITE v7.1.9  ready in 448 ms

  ➜  Local:   http://localhost:5173/
  ➜  Network: use --host to expose

> cdn@0.0.0 dev
> vite --host


  VITE v7.1.9  ready in 406 ms

  ➜  Local:   http://localhost:5173/
  ➜  Network: http://201.17.21.186:5173/
  ➜  Network: http://10.127.254.87:5173/
  ➜  Network: http://192.168.128.1:5173/
Assets in public directory cannot be imported from JavaScript.
If you intend to import that asset, put the file in the src directory, and use /src/Claro.png instead of /public/Claro.png.
If you intend to use the URL of that asset, use /Claro.png?url.
14:24:08 [vite] (client) hmr update /src/index.css, /src/App.css
Files in the public directory are served at the root path.
Instead of /public/Claro.png, use /Claro.png.
14:24:09 [vite] (client) hmr update /src/index.css, /src/App.css

> cdn@0.0.0 dev
> vite --host


  VITE v7.1.9  ready in 388 ms

  ➜  Local:   http://localhost:5173/
  ➜  Network: http://201.17.21.186:5173/
  ➜  Network: http://10.127.254.87:5173/
  ➜  Network: http://192.168.128.1:5173/
Assets in public directory cannot be imported from JavaScript.
If you intend to import that asset, put the file in the src directory, and use /src/Claro.png instead of /public/Claro.png.
If you intend to use the URL of that asset, use /Claro.png?url.
14:24:43 [vite] (client) hmr update /src/index.css, /src/App.css
14:24:43 [vite] (client) hmr update /src/index.css, /src/App.css
Files in the public directory are served at the root path.
Instead of /public/Claro.png, use /Claro.png.
14:24:44 [vite] (client) hmr update /src/index.css, /src/App.css
Assets in public directory cannot be imported from JavaScript.
If you intend to import that asset, put the file in the src directory, and use /src/Claro.png instead of /public/Claro.png.
If you intend to use the URL of that asset, use /Claro.png?url.
14:24:50 [vite] (client) hmr update /src/index.css, /src/App.css
Files in the public directory are served at the root path.
Instead of /public/Claro.png, use /Claro.png.
14:24:50 [vite] (client) hmr update /src/index.css, /src/App.css
Assets in public directory cannot be imported from JavaScript.
If you intend to import that asset, put the file in the src directory, and use /src/Claro.png instead of /public/Claro.png.
If you intend to use the URL of that asset, use /Claro.png?url.
14:24:53 [vite] (client) hmr update /src/index.css, /src/App.css
Files in the public directory are served at the root path.
Instead of /public/Claro.png, use /Claro.png.
14:24:53 [vite] (client) hmr update /src/index.css, /src/App.css
Assets in public directory cannot be imported from JavaScript.
If you intend to import that asset, put the file in the src directory, and use /src/Claro.png instead of /public/Claro.png.
If you intend to use the URL of that asset, use /Claro.png?url.
14:24:54 [vite] (client) hmr update /src/index.css, /src/App.css
Files in the public directory are served at the root path.
Instead of /public/Claro.png, use /Claro.png.
14:24:54 [vite] (client) hmr update /src/index.css, /src/App.css
14:24:55 [vite] http proxy error: /distributions
Error: connect ECONNREFUSED 201.17.21.186:3000
    at TCPConnectWrap.afterConnect [as oncomplete] (node:net:1637:16)
14:24:55 [vite] (client) hmr update /src/index.css, /src/App.css
14:24:55 [vite] http proxy error: /distributions
Error: connect ECONNREFUSED 201.17.21.186:3000
    at TCPConnectWrap.afterConnect [as oncomplete] (node:net:1637:16)
14:24:58 [vite] http proxy error: /origins
Error: connect ECONNREFUSED 201.17.21.186:3000
    at TCPConnectWrap.afterConnect [as oncomplete] (node:net:1637:16)
14:24:58 [vite] http proxy error: /distributions
Error: connect ECONNREFUSED 201.17.21.186:3000
    at TCPConnectWrap.afterConnect [as oncomplete] (node:net:1637:16)
14:24:58 [vite] (client) hmr update /src/index.css, /src/App.css
14:24:58 [vite] http proxy error: /origins
Error: connect ECONNREFUSED 201.17.21.186:3000
    at TCPConnectWrap.afterConnect [as oncomplete] (node:net:1637:16)
14:24:58 [vite] http proxy error: /distributions
Error: connect ECONNREFUSED 201.17.21.186:3000
    at TCPConnectWrap.afterConnect [as oncomplete] (node:net:1637:16)
14:24:58 [vite] (client) hmr update /src/index.css, /src/App.css
14:25:27 [vite] http proxy error: /distributions
Error: connect ECONNREFUSED 201.17.21.186:3000
    at TCPConnectWrap.afterConnect [as oncomplete] (node:net:1637:16)
14:25:27 [vite] (client) hmr update /src/index.css, /src/App.css
14:25:27 [vite] http proxy error: /distributions
Error: connect ECONNREFUSED 201.17.21.186:3000
    at TCPConnectWrap.afterConnect [as oncomplete] (node:net:1637:16)
14:25:27 [vite] http proxy error: /origins
Error: connect ECONNREFUSED 201.17.21.186:3000
    at TCPConnectWrap.afterConnect [as oncomplete] (node:net:1637:16)
14:25:27 [vite] http proxy error: /distributions
Error: connect ECONNREFUSED 201.17.21.186:3000
    at TCPConnectWrap.afterConnect [as oncomplete] (node:net:1637:16)
14:25:27 [vite] (client) hmr update /src/index.css, /src/App.css
14:25:27 [vite] http proxy error: /origins
Error: connect ECONNREFUSED 201.17.21.186:3000
    at TCPConnectWrap.afterConnect [as oncomplete] (node:net:1637:16)
14:25:27 [vite] http proxy error: /distributions
Error: connect ECONNREFUSED 201.17.21.186:3000
    at TCPConnectWrap.afterConnect [as oncomplete] (node:net:1637:16)
14:25:27 [vite] http proxy error: /distributions
Error: connect ECONNREFUSED 201.17.21.186:3000
    at TCPConnectWrap.afterConnect [as oncomplete] (node:net:1637:16)
14:25:27 [vite] http proxy error: /distributions
Error: connect ECONNREFUSED 201.17.21.186:3000
    at TCPConnectWrap.afterConnect [as oncomplete] (node:net:1637:16)
14:25:27 [vite] (client) hmr update /src/index.css, /src/App.css
14:25:29 [vite] http proxy error: /origins
Error: connect ECONNREFUSED 201.17.21.186:3000
    at TCPConnectWrap.afterConnect [as oncomplete] (node:net:1637:16)
14:25:29 [vite] http proxy error: /distributions
Error: connect ECONNREFUSED 201.17.21.186:3000
    at TCPConnectWrap.afterConnect [as oncomplete] (node:net:1637:16)
14:25:29 [vite] (client) hmr update /src/index.css, /src/App.css
14:25:29 [vite] http proxy error: /origins
Error: connect ECONNREFUSED 201.17.21.186:3000
    at TCPConnectWrap.afterConnect [as oncomplete] (node:net:1637:16)
14:25:29 [vite] http proxy error: /distributions
Error: connect ECONNREFUSED 201.17.21.186:3000
    at TCPConnectWrap.afterConnect [as oncomplete] (node:net:1637:16)
14:25:29 [vite] http proxy error: /distributions
Error: connect ECONNREFUSED 201.17.21.186:3000
    at TCPConnectWrap.afterConnect [as oncomplete] (node:net:1637:16)
14:25:29 [vite] (client) hmr update /src/index.css, /src/App.css
14:25:29 [vite] http proxy error: /distributions
Error: connect ECONNREFUSED 201.17.21.186:3000
    at TCPConnectWrap.afterConnect [as oncomplete] (node:net:1637:16)
Assets in public directory cannot be imported from JavaScript.
If you intend to import that asset, put the file in the src directory, and use /src/Claro.png instead of /public/Claro.png.
If you intend to use the URL of that asset, use /Claro.png?url.
14:25:29 [vite] (client) hmr update /src/index.css, /src/App.css
Files in the public directory are served at the root path.
Instead of /public/Claro.png, use /Claro.png.
14:25:30 [vite] (client) hmr update /src/index.css, /src/App.css
14:25:30 [vite] http proxy error: /distributions
Error: connect ECONNREFUSED 201.17.21.186:3000
    at TCPConnectWrap.afterConnect [as oncomplete] (node:net:1637:16)
14:25:30 [vite] http proxy error: /distributions
Error: connect ECONNREFUSED 201.17.21.186:3000
    at TCPConnectWrap.afterConnect [as oncomplete] (node:net:1637:16)
14:25:30 [vite] (client) hmr update /src/index.css, /src/App.css
14:25:31 [vite] http proxy error: /origins
Error: connect ECONNREFUSED 201.17.21.186:3000
    at TCPConnectWrap.afterConnect [as oncomplete] (node:net:1637:16)
14:25:31 [vite] http proxy error: /distributions
Error: connect ECONNREFUSED 201.17.21.186:3000
    at TCPConnectWrap.afterConnect [as oncomplete] (node:net:1637:16)
14:25:31 [vite] (client) hmr update /src/index.css, /src/App.css
14:25:31 [vite] http proxy error: /origins
Error: connect ECONNREFUSED 201.17.21.186:3000
    at TCPConnectWrap.afterConnect [as oncomplete] (node:net:1637:16)
14:25:31 [vite] http proxy error: /distributions
Error: connect ECONNREFUSED 201.17.21.186:3000
    at TCPConnectWrap.afterConnect [as oncomplete] (node:net:1637:16)
Assets in public directory cannot be imported from JavaScript.
If you intend to import that asset, put the file in the src directory, and use /src/Claro.png instead of /public/Claro.png.
If you intend to use the URL of that asset, use /Claro.png?url.
14:25:45 [vite] (client) hmr update /src/index.css, /src/App.css
Files in the public directory are served at the root path.
Instead of /public/Claro.png, use /Claro.png.
14:25:46 [vite] (client) hmr update /src/index.css, /src/App.css
Assets in public directory cannot be imported from JavaScript.
If you intend to import that asset, put the file in the src directory, and use /src/Claro.png instead of /public/Claro.png.
If you intend to use the URL of that asset, use /Claro.png?url.
14:27:00 [vite] (client) hmr update /src/index.css, /src/App.css
Files in the public directory are served at the root path.
Instead of /public/Claro.png, use /Claro.png.
14:27:00 [vite] (client) hmr update /src/index.css, /src/App.css
15:49:31 [vite] (client) hmr update /src/index.css, /src/App.css
15:49:31 [vite] (client) hmr update /src/App.jsx, /src/index.css, /src/App.css
15:49:31 [vite] (client) hmr update /src/index.css, /src/App.css
15:49:32 [vite] (client) hmr update /src/App.jsx
15:49:32 [vite] (client) hmr update /src/index.css, /src/App.css
15:49:32 [vite] (client) hmr update /src/index.css, /src/App.css
15:49:32 [vite] (client) hmr update /src/index.css, /src/App.css
15:49:32 [vite] (client) Pre-transform error: Failed to resolve import "@radix-ui/react-switch" from "src/components/ui/switch.jsx". Does the file exist?
  Plugin: vite:import-analysis
  File: /opt/cdn/cdn/src/components/ui/switch.jsx:2:33
  1  |  import { jsxDEV } from "react/jsx-dev-runtime";
  2  |  import * as React from "react";
  3  |  import * as SwitchPrimitive from "@radix-ui/react-switch";
     |                                    ^
  4  |  import { cn } from "@/lib/utils";
  5  |  function Switch({
15:49:32 [vite] (client) hmr update /src/index.css, /src/App.css
15:49:32 [vite] Internal server error: Failed to resolve import "@radix-ui/react-switch" from "src/components/ui/switch.jsx". Does the file exist?
  Plugin: vite:import-analysis
  File: /opt/cdn/cdn/src/components/ui/switch.jsx:2:33
  1  |  import { jsxDEV } from "react/jsx-dev-runtime";
  2  |  import * as React from "react";
  3  |  import * as SwitchPrimitive from "@radix-ui/react-switch";
     |                                    ^
  4  |  import { cn } from "@/lib/utils";
  5  |  function Switch({
      at TransformPluginContext._formatLog (file:///opt/cdn/cdn/node_modules/vite/dist/node/chunks/dep-Chhhsdoe.js:31219:43)
      at TransformPluginContext.error (file:///opt/cdn/cdn/node_modules/vite/dist/node/chunks/dep-Chhhsdoe.js:31216:14)
      at normalizeUrl (file:///opt/cdn/cdn/node_modules/vite/dist/node/chunks/dep-Chhhsdoe.js:29699:18)
      at process.processTicksAndRejections (node:internal/process/task_queues:105:5)
      at async file:///opt/cdn/cdn/node_modules/vite/dist/node/chunks/dep-Chhhsdoe.js:29757:32
      at async Promise.all (index 2)
      at async TransformPluginContext.transform (file:///opt/cdn/cdn/node_modules/vite/dist/node/chunks/dep-Chhhsdoe.js:29725:4)
      at async EnvironmentPluginContainer.transform (file:///opt/cdn/cdn/node_modules/vite/dist/node/chunks/dep-Chhhsdoe.js:31018:14)
      at async loadAndTransform (file:///opt/cdn/cdn/node_modules/vite/dist/node/chunks/dep-Chhhsdoe.js:26143:26)
      at async viteTransformMiddleware (file:///opt/cdn/cdn/node_modules/vite/dist/node/chunks/dep-Chhhsdoe.js:27221:20)
15:49:32 [vite] Internal server error: Failed to resolve import "@radix-ui/react-switch" from "src/components/ui/switch.jsx". Does the file exist?
  Plugin: vite:import-analysis
  File: /opt/cdn/cdn/src/components/ui/switch.jsx:2:33
  1  |  import { jsxDEV } from "react/jsx-dev-runtime";
  2  |  import * as React from "react";
  3  |  import * as SwitchPrimitive from "@radix-ui/react-switch";
     |                                    ^
  4  |  import { cn } from "@/lib/utils";
  5  |  function Switch({
      at TransformPluginContext._formatLog (file:///opt/cdn/cdn/node_modules/vite/dist/node/chunks/dep-Chhhsdoe.js:31219:43)
      at TransformPluginContext.error (file:///opt/cdn/cdn/node_modules/vite/dist/node/chunks/dep-Chhhsdoe.js:31216:14)
      at normalizeUrl (file:///opt/cdn/cdn/node_modules/vite/dist/node/chunks/dep-Chhhsdoe.js:29699:18)
      at process.processTicksAndRejections (node:internal/process/task_queues:105:5)
      at async file:///opt/cdn/cdn/node_modules/vite/dist/node/chunks/dep-Chhhsdoe.js:29757:32
      at async Promise.all (index 2)
      at async TransformPluginContext.transform (file:///opt/cdn/cdn/node_modules/vite/dist/node/chunks/dep-Chhhsdoe.js:29725:4)
      at async EnvironmentPluginContainer.transform (file:///opt/cdn/cdn/node_modules/vite/dist/node/chunks/dep-Chhhsdoe.js:31018:14)
      at async loadAndTransform (file:///opt/cdn/cdn/node_modules/vite/dist/node/chunks/dep-Chhhsdoe.js:26143:26)
      at async viteTransformMiddleware (file:///opt/cdn/cdn/node_modules/vite/dist/node/chunks/dep-Chhhsdoe.js:27221:20)
15:49:32 [vite] (client) hmr update /src/index.css, /src/App.css
✘ [ERROR] Could not resolve "../pkg"

    node_modules/lightningcss/node/index.js:17:27:
      17 │   module.exports = require(`../pkg`);
         ╵                            ~~~~~~~~

15:49:33 [vite] (client) hmr update /src/index.css, /src/App.css
15:49:33 [vite] (client) error while updating dependencies:
Error: Error during dependency optimization:

[31m✘ [41;31m[[41;97mERROR[41;31m][0m [1mCould not resolve "../pkg"[0m

    node_modules/lightningcss/node/index.js:17:27:
[37m      17 │   module.exports = require([32m`../pkg`[37m);
         ╵                            [32m~~~~~~~~[0m


    at failureErrorWithLog (/opt/cdn/cdn/node_modules/esbuild/lib/main.js:1467:15)
    at /opt/cdn/cdn/node_modules/esbuild/lib/main.js:926:25
    at /opt/cdn/cdn/node_modules/esbuild/lib/main.js:1345:9
    at process.processTicksAndRejections (node:internal/process/task_queues:105:5)
15:49:33 [vite] (client) hmr update /src/index.css, /src/App.css
15:49:49 [vite] (client) hmr update /src/components/shared/CreatePolicyDialog.jsx
15:49:49 [vite] (client) hmr update /src/index.css, /src/App.css
15:50:31 [vite] (client) hmr update /src/index.css, /src/App.css, /src/components/shared/CreatePolicyDialog.jsx
15:50:31 [vite] (client) hmr update /src/index.css, /src/App.css
15:56:00 [vite] (client) hmr update /src/index.css, /src/App.css
15:56:00 [vite] (client) hmr update /src/index.css, /src/App.css
16:03:47 [vite] (client) hmr update /src/index.css, /src/App.css
16:03:47 [vite] (client) hmr update /src/App.jsx, /src/index.css, /src/App.css
16:03:47 [vite] (client) hmr update /src/index.css, /src/App.css, /src/pages/PoliciesPage.jsx
16:03:47 [vite] (client) hmr update /src/index.css, /src/App.css
16:03:47 [vite] (client) hmr update /src/index.css, /src/App.css, /src/components/shared/CreatePolicyDialog.jsx
16:03:47 [vite] (client) hmr update /src/index.css, /src/App.css, /src/components/ui/textarea.jsx
16:03:47 [vite] (client) hmr update /src/index.css, /src/App.css

> cdn@0.0.0 dev
> vite --host


  VITE v7.1.10  ready in 415 ms

  ➜  Local:   http://localhost:5173/
  ➜  Network: http://201.17.21.186:5173/
  ➜  Network: http://10.127.254.87:5173/
  ➜  Network: http://192.168.80.1:5173/
Assets in public directory cannot be imported from JavaScript.
If you intend to import that asset, put the file in the src directory, and use /src/Claro.png instead of /public/Claro.png.
If you intend to use the URL of that asset, use /Claro.png?url.
10:59:09 [vite] (client) hmr update /src/index.css, /src/App.css
10:59:09 [vite] (client) hmr update /src/index.css, /src/App.css
Assets in public directory cannot be imported from JavaScript.
If you intend to import that asset, put the file in the src directory, and use /src/ClaroText.png instead of /public/ClaroText.png.
If you intend to use the URL of that asset, use /ClaroText.png?url.
10:59:09 [vite] (client) hmr update /src/index.css, /src/App.css
Assets in public directory cannot be imported from JavaScript.
If you intend to import that asset, put the file in the src directory, and use /src/404.jpeg instead of /public/404.jpeg.
If you intend to use the URL of that asset, use /404.jpeg?url.
Files in the public directory are served at the root path.
Instead of /public/Claro.png, use /Claro.png.
10:59:10 [vite] (client) hmr update /src/index.css, /src/App.css
Files in the public directory are served at the root path.
Instead of /public/404.jpeg, use /404.jpeg.
11:00:18 [vite] (client) hmr update /src/index.css, /src/App.css
11:12:22 [vite] (client) hmr update /src/index.css, /src/App.css
11:12:22 [vite] (client) hmr update /src/index.css, /src/App.css
11:12:38 [vite] (client) hmr update /src/index.css, /src/App.css
11:12:38 [vite] (client) hmr update /src/index.css, /src/App.css
11:14:20 [vite] (client) hmr update /src/App.jsx, /src/index.css, /src/App.css
11:14:20 [vite] (client) hmr update /src/index.css, /src/App.css
11:14:41 [vite] (client) hmr update /src/App.jsx, /src/index.css, /src/App.css
11:14:41 [vite] (client) hmr update /src/index.css, /src/App.css
11:14:51 [vite] (client) hmr update /src/App.jsx, /src/index.css, /src/App.css
11:14:51 [vite] (client) hmr update /src/index.css, /src/App.css
11:14:56 [vite] (client) ✨ new dependencies optimized: react-hook-form, @hookform/resolvers/zod, zod, @radix-ui/react-separator
11:14:56 [vite] (client) ✨ optimized dependencies changed. reloading
11:14:56 [vite] (client) hmr update /src/index.css, /src/App.css
Assets in public directory cannot be imported from JavaScript.
If you intend to import that asset, put the file in the src directory, and use /src/Claro.png instead of /public/Claro.png.
If you intend to use the URL of that asset, use /Claro.png?url.
11:14:58 [vite] (client) hmr update /src/index.css, /src/App.css
Assets in public directory cannot be imported from JavaScript.
If you intend to import that asset, put the file in the src directory, and use /src/ClaroText.png instead of /public/ClaroText.png.
If you intend to use the URL of that asset, use /ClaroText.png?url.
11:14:59 [vite] (client) hmr update /src/index.css, /src/App.css
Assets in public directory cannot be imported from JavaScript.
If you intend to import that asset, put the file in the src directory, and use /src/404.jpeg instead of /public/404.jpeg.
If you intend to use the URL of that asset, use /404.jpeg?url.
Files in the public directory are served at the root path.
Instead of /public/Claro.png, use /Claro.png.
11:15:00 [vite] (client) hmr update /src/index.css, /src/App.css
11:16:12 [vite] (client) hmr update /src/App.jsx, /src/index.css, /src/App.css
11:16:12 [vite] (client) hmr update /src/index.css, /src/App.css
Assets in public directory cannot be imported from JavaScript.
If you intend to import that asset, put the file in the src directory, and use /src/Claro.png instead of /public/Claro.png.
If you intend to use the URL of that asset, use /Claro.png?url.
11:16:21 [vite] (client) hmr update /src/index.css, /src/App.css
Assets in public directory cannot be imported from JavaScript.
If you intend to import that asset, put the file in the src directory, and use /src/ClaroText.png instead of /public/ClaroText.png.
If you intend to use the URL of that asset, use /ClaroText.png?url.
Assets in public directory cannot be imported from JavaScript.
If you intend to import that asset, put the file in the src directory, and use /src/404.jpeg instead of /public/404.jpeg.
If you intend to use the URL of that asset, use /404.jpeg?url.
11:16:22 [vite] (client) hmr update /src/index.css, /src/App.css
Files in the public directory are served at the root path.
Instead of /public/Claro.png, use /Claro.png.
11:16:22 [vite] (client) hmr update /src/index.css, /src/App.css
Assets in public directory cannot be imported from JavaScript.
If you intend to import that asset, put the file in the src directory, and use /src/Claro.png instead of /public/Claro.png.
If you intend to use the URL of that asset, use /Claro.png?url.
11:16:24 [vite] (client) hmr update /src/index.css, /src/App.css
Assets in public directory cannot be imported from JavaScript.
If you intend to import that asset, put the file in the src directory, and use /src/ClaroText.png instead of /public/ClaroText.png.
If you intend to use the URL of that asset, use /ClaroText.png?url.
Assets in public directory cannot be imported from JavaScript.
If you intend to import that asset, put the file in the src directory, and use /src/404.jpeg instead of /public/404.jpeg.
If you intend to use the URL of that asset, use /404.jpeg?url.
11:16:24 [vite] (client) hmr update /src/index.css, /src/App.css
Files in the public directory are served at the root path.
Instead of /public/Claro.png, use /Claro.png.
11:16:25 [vite] (client) hmr update /src/index.css, /src/App.css
11:17:32 [vite] (client) hmr update /src/App.jsx, /src/index.css, /src/App.css
11:17:32 [vite] (client) hmr update /src/index.css, /src/App.css
Files in the public directory are served at the root path.
Instead of /public/Claro.png, use /Claro.png.
11:17:32 [vite] (client) hmr update /src/index.css, /src/App.css
11:17:34 [vite] (client) hmr update /src/App.jsx, /src/index.css, /src/App.css
11:17:34 [vite] (client) hmr update /src/index.css, /src/App.css
Assets in public directory cannot be imported from JavaScript.
If you intend to import that asset, put the file in the src directory, and use /src/Claro.png instead of /public/Claro.png.
If you intend to use the URL of that asset, use /Claro.png?url.
11:17:39 [vite] (client) hmr update /src/index.css, /src/App.css
Assets in public directory cannot be imported from JavaScript.
If you intend to import that asset, put the file in the src directory, and use /src/ClaroText.png instead of /public/ClaroText.png.
If you intend to use the URL of that asset, use /ClaroText.png?url.
Assets in public directory cannot be imported from JavaScript.
If you intend to import that asset, put the file in the src directory, and use /src/404.jpeg instead of /public/404.jpeg.
If you intend to use the URL of that asset, use /404.jpeg?url.
11:17:39 [vite] (client) hmr update /src/index.css, /src/App.css
Files in the public directory are served at the root path.
Instead of /public/Claro.png, use /Claro.png.
11:17:40 [vite] (client) hmr update /src/index.css, /src/App.css
11:20:35 [vite] (client) hmr update /src/App.jsx, /src/index.css, /src/App.css
11:20:35 [vite] (client) hmr update /src/index.css, /src/App.css
11:20:37 [vite] (client) hmr update /src/App.jsx, /src/index.css, /src/App.css
11:20:37 [vite] (client) hmr update /src/index.css, /src/App.css
11:20:40 [vite] (client) hmr update /src/App.jsx, /src/index.css, /src/App.css
11:20:40 [vite] (client) hmr update /src/index.css, /src/App.css
11:21:02 [vite] (client) hmr update /src/App.jsx, /src/index.css, /src/App.css
11:21:02 [vite] (client) hmr update /src/index.css, /src/App.css
11:21:04 [vite] (client) hmr update /src/App.jsx, /src/index.css, /src/App.css
11:21:04 [vite] (client) hmr update /src/index.css, /src/App.css
11:21:06 [vite] (client) hmr update /src/App.jsx, /src/index.css, /src/App.css
11:21:06 [vite] (client) hmr update /src/index.css, /src/App.css
11:21:06 [vite] Internal server error: /opt/cdn/cdn/src/App.jsx: Unexpected token (55:9)

  53 |   SheetTrigger,
  54 | } from "@/components/ui/sheet";
> 55 | import { <UserProfileSheet></UserProfileSheet> } from '@/components/shared/UserProfileSheet';
     |          ^
  56 |
  57 | // Página de Dashboard
  58 | function DashboardPage() {
  Plugin: vite:react-babel
  File: /opt/cdn/cdn/src/App.jsx:55:9
  53 |    SheetTrigger,
  54 |  } from "@/components/ui/sheet";
  55 |  import { <UserProfileSheet></UserProfileSheet> } from '@/components/shared/UserProfileSheet';
     |           ^
  56 |  
  57 |  // Página de Dashboard
      at constructor (/opt/cdn/cdn/node_modules/.pnpm/@babel+parser@7.28.4/node_modules/@babel/parser/lib/index.js:367:19)
      at JSXParserMixin.raise (/opt/cdn/cdn/node_modules/.pnpm/@babel+parser@7.28.4/node_modules/@babel/parser/lib/index.js:6630:19)
      at JSXParserMixin.unexpected (/opt/cdn/cdn/node_modules/.pnpm/@babel+parser@7.28.4/node_modules/@babel/parser/lib/index.js:6650:16)
      at JSXParserMixin.parseIdentifierName (/opt/cdn/cdn/node_modules/.pnpm/@babel+parser@7.28.4/node_modules/@babel/parser/lib/index.js:12213:12)
      at JSXParserMixin.parseIdentifier (/opt/cdn/cdn/node_modules/.pnpm/@babel+parser@7.28.4/node_modules/@babel/parser/lib/index.js:12191:23)
      at JSXParserMixin.parseModuleExportName (/opt/cdn/cdn/node_modules/.pnpm/@babel+parser@7.28.4/node_modules/@babel/parser/lib/index.js:14132:17)
      at JSXParserMixin.parseNamedImportSpecifiers (/opt/cdn/cdn/node_modules/.pnpm/@babel+parser@7.28.4/node_modules/@babel/parser/lib/index.js:14410:33)
      at JSXParserMixin.parseImportSpecifiersAndAfter (/opt/cdn/cdn/node_modules/.pnpm/@babel+parser@7.28.4/node_modules/@babel/parser/lib/index.js:14251:37)
      at JSXParserMixin.parseImport (/opt/cdn/cdn/node_modules/.pnpm/@babel+parser@7.28.4/node_modules/@babel/parser/lib/index.js:14244:17)
      at JSXParserMixin.parseStatementContent (/opt/cdn/cdn/node_modules/.pnpm/@babel+parser@7.28.4/node_modules/@babel/parser/lib/index.js:12885:27)
      at JSXParserMixin.parseStatementLike (/opt/cdn/cdn/node_modules/.pnpm/@babel+parser@7.28.4/node_modules/@babel/parser/lib/index.js:12776:17)
      at JSXParserMixin.parseModuleItem (/opt/cdn/cdn/node_modules/.pnpm/@babel+parser@7.28.4/node_modules/@babel/parser/lib/index.js:12753:17)
      at JSXParserMixin.parseBlockOrModuleBlockBody (/opt/cdn/cdn/node_modules/.pnpm/@babel+parser@7.28.4/node_modules/@babel/parser/lib/index.js:13325:36)
      at JSXParserMixin.parseBlockBody (/opt/cdn/cdn/node_modules/.pnpm/@babel+parser@7.28.4/node_modules/@babel/parser/lib/index.js:13318:10)
      at JSXParserMixin.parseProgram (/opt/cdn/cdn/node_modules/.pnpm/@babel+parser@7.28.4/node_modules/@babel/parser/lib/index.js:12634:10)
      at JSXParserMixin.parseTopLevel (/opt/cdn/cdn/node_modules/.pnpm/@babel+parser@7.28.4/node_modules/@babel/parser/lib/index.js:12624:25)
      at JSXParserMixin.parse (/opt/cdn/cdn/node_modules/.pnpm/@babel+parser@7.28.4/node_modules/@babel/parser/lib/index.js:14501:10)
      at parse (/opt/cdn/cdn/node_modules/.pnpm/@babel+parser@7.28.4/node_modules/@babel/parser/lib/index.js:14535:38)
      at parser (/opt/cdn/cdn/node_modules/.pnpm/@babel+core@7.28.4/node_modules/@babel/core/lib/parser/index.js:41:34)
      at parser.next (<anonymous>)
      at normalizeFile (/opt/cdn/cdn/node_modules/.pnpm/@babel+core@7.28.4/node_modules/@babel/core/lib/transformation/normalize-file.js:64:37)
      at normalizeFile.next (<anonymous>)
      at run (/opt/cdn/cdn/node_modules/.pnpm/@babel+core@7.28.4/node_modules/@babel/core/lib/transformation/index.js:22:50)
      at run.next (<anonymous>)
      at transform (/opt/cdn/cdn/node_modules/.pnpm/@babel+core@7.28.4/node_modules/@babel/core/lib/transform.js:22:33)
      at transform.next (<anonymous>)
      at step (/opt/cdn/cdn/node_modules/.pnpm/gensync@1.0.0-beta.2/node_modules/gensync/index.js:261:32)
      at /opt/cdn/cdn/node_modules/.pnpm/gensync@1.0.0-beta.2/node_modules/gensync/index.js:273:13
      at async.call.result.err.err (/opt/cdn/cdn/node_modules/.pnpm/gensync@1.0.0-beta.2/node_modules/gensync/index.js:223:11)
      at /opt/cdn/cdn/node_modules/.pnpm/gensync@1.0.0-beta.2/node_modules/gensync/index.js:189:28
      at /opt/cdn/cdn/node_modules/.pnpm/@babel+core@7.28.4/node_modules/@babel/core/lib/gensync-utils/async.js:67:7
      at /opt/cdn/cdn/node_modules/.pnpm/gensync@1.0.0-beta.2/node_modules/gensync/index.js:113:33
      at step (/opt/cdn/cdn/node_modules/.pnpm/gensync@1.0.0-beta.2/node_modules/gensync/index.js:287:14)
      at /opt/cdn/cdn/node_modules/.pnpm/gensync@1.0.0-beta.2/node_modules/gensync/index.js:273:13
      at async.call.result.err.err (/opt/cdn/cdn/node_modules/.pnpm/gensync@1.0.0-beta.2/node_modules/gensync/index.js:223:11)
11:21:07 [vite] (client) hmr update /src/App.jsx, /src/index.css, /src/App.css
11:21:07 [vite] (client) hmr update /src/index.css, /src/App.css
11:26:19 [vite] (client) hmr update /src/index.css, /src/App.css
11:26:19 [vite] (client) hmr update /src/index.css, /src/App.css
11:26:30 [vite] (client) hmr update /src/index.css, /src/App.css
11:26:30 [vite] (client) hmr update /src/index.css, /src/App.css
11:27:07 [vite] Internal server error: Cannot find module '/opt/cdn/cdn/node_modules/.pnpm/vite@7.1.10_jiti@2.6.1_lightningcss@1.30.1/node_modules/vite/dist/node/chunks/dep-BRReGxEs.js' imported from /opt/cdn/cdn/node_modules/.pnpm/vite@7.1.10_jiti@2.6.1_lightningcss@1.30.1/node_modules/vite/dist/node/chunks/dep-B0GuR2De.js
      at finalizeResolution (node:internal/modules/esm/resolve:274:11)
      at moduleResolve (node:internal/modules/esm/resolve:859:10)
      at defaultResolve (node:internal/modules/esm/resolve:983:11)
      at nextResolve (node:internal/modules/esm/hooks:748:28)
      at o (file:///opt/cdn/cdn/node_modules/.pnpm/@tailwindcss+node@4.1.14/node_modules/@tailwindcss/node/dist/esm-cache.loader.mjs:1:69)
      at nextResolve (node:internal/modules/esm/hooks:748:28)
      at Hooks.resolve (node:internal/modules/esm/hooks:240:30)
      at MessagePort.handleMessage (node:internal/modules/esm/worker:199:24)
      at [nodejs.internal.kHybridDispatch] (node:internal/event_target:827:20)
      at MessagePort.<anonymous> (node:internal/per_context/messageport:23:28)
11:27:07 [vite] (client) hmr update /src/index.css, /src/App.css
11:27:07 [vite] Internal server error: Can't resolve 'tailwindcss' in '/opt/cdn/cdn/src'
  Plugin: @tailwindcss/vite:generate:serve
  File: /opt/cdn/cdn/src/index.css
      at finishWithoutResolve (/opt/cdn/cdn/node_modules/.pnpm/enhanced-resolve@5.18.3/node_modules/enhanced-resolve/lib/Resolver.js:565:18)
      at /opt/cdn/cdn/node_modules/.pnpm/enhanced-resolve@5.18.3/node_modules/enhanced-resolve/lib/Resolver.js:657:14
      at /opt/cdn/cdn/node_modules/.pnpm/enhanced-resolve@5.18.3/node_modules/enhanced-resolve/lib/Resolver.js:718:5
      at eval (eval at create (/opt/cdn/cdn/node_modules/.pnpm/tapable@2.3.0/node_modules/tapable/lib/HookCodeFactory.js:31:10), <anonymous>:15:1)
      at /opt/cdn/cdn/node_modules/.pnpm/enhanced-resolve@5.18.3/node_modules/enhanced-resolve/lib/Resolver.js:718:5
      at eval (eval at create (/opt/cdn/cdn/node_modules/.pnpm/tapable@2.3.0/node_modules/tapable/lib/HookCodeFactory.js:31:10), <anonymous>:27:1)
      at /opt/cdn/cdn/node_modules/.pnpm/enhanced-resolve@5.18.3/node_modules/enhanced-resolve/lib/DescriptionFilePlugin.js:89:43
      at /opt/cdn/cdn/node_modules/.pnpm/enhanced-resolve@5.18.3/node_modules/enhanced-resolve/lib/Resolver.js:718:5
      at eval (eval at create (/opt/cdn/cdn/node_modules/.pnpm/tapable@2.3.0/node_modules/tapable/lib/HookCodeFactory.js:31:10), <anonymous>:15:1)
      at /opt/cdn/cdn/node_modules/.pnpm/enhanced-resolve@5.18.3/node_modules/enhanced-resolve/lib/Resolver.js:718:5
      at eval (eval at create (/opt/cdn/cdn/node_modules/.pnpm/tapable@2.3.0/node_modules/tapable/lib/HookCodeFactory.js:31:10), <anonymous>:15:1)
      at /opt/cdn/cdn/node_modules/.pnpm/enhanced-resolve@5.18.3/node_modules/enhanced-resolve/lib/Resolver.js:718:5
      at eval (eval at create (/opt/cdn/cdn/node_modules/.pnpm/tapable@2.3.0/node_modules/tapable/lib/HookCodeFactory.js:31:10), <anonymous>:42:1)
      at /opt/cdn/cdn/node_modules/.pnpm/enhanced-resolve@5.18.3/node_modules/enhanced-resolve/lib/ConditionalPlugin.js:53:42
      at /opt/cdn/cdn/node_modules/.pnpm/enhanced-resolve@5.18.3/node_modules/enhanced-resolve/lib/Resolver.js:718:5
      at eval (eval at create (/opt/cdn/cdn/node_modules/.pnpm/tapable@2.3.0/node_modules/tapable/lib/HookCodeFactory.js:31:10), <anonymous>:16:1)
      at /opt/cdn/cdn/node_modules/.pnpm/enhanced-resolve@5.18.3/node_modules/enhanced-resolve/lib/Resolver.js:718:5
      at eval (eval at create (/opt/cdn/cdn/node_modules/.pnpm/tapable@2.3.0/node_modules/tapable/lib/HookCodeFactory.js:31:10), <anonymous>:15:1)
      at /opt/cdn/cdn/node_modules/.pnpm/enhanced-resolve@5.18.3/node_modules/enhanced-resolve/lib/Resolver.js:718:5
      at eval (eval at create (/opt/cdn/cdn/node_modules/.pnpm/tapable@2.3.0/node_modules/tapable/lib/HookCodeFactory.js:31:10), <anonymous>:16:1)
      at /opt/cdn/cdn/node_modules/.pnpm/enhanced-resolve@5.18.3/node_modules/enhanced-resolve/lib/DirectoryExistsPlugin.js:43:15
      at SyncAsyncFileSystemDecorator.stat (/opt/cdn/cdn/node_modules/.pnpm/enhanced-resolve@5.18.3/node_modules/enhanced-resolve/lib/SyncAsyncFileSystemDecorator.js:66:34)
      at /opt/cdn/cdn/node_modules/.pnpm/enhanced-resolve@5.18.3/node_modules/enhanced-resolve/lib/DirectoryExistsPlugin.js:35:9
      at _next0 (eval at create (/opt/cdn/cdn/node_modules/.pnpm/tapable@2.3.0/node_modules/tapable/lib/HookCodeFactory.js:31:10), <anonymous>:8:1)
      at eval (eval at create (/opt/cdn/cdn/node_modules/.pnpm/tapable@2.3.0/node_modules/tapable/lib/HookCodeFactory.js:31:10), <anonymous>:30:1)
      at /opt/cdn/cdn/node_modules/.pnpm/enhanced-resolve@5.18.3/node_modules/enhanced-resolve/lib/Resolver.js:718:5
      at eval (eval at create (/opt/cdn/cdn/node_modules/.pnpm/tapable@2.3.0/node_modules/tapable/lib/HookCodeFactory.js:31:10), <anonymous>:27:1)
      at /opt/cdn/cdn/node_modules/.pnpm/enhanced-resolve@5.18.3/node_modules/enhanced-resolve/lib/DescriptionFilePlugin.js:89:43
      at /opt/cdn/cdn/node_modules/.pnpm/enhanced-resolve@5.18.3/node_modules/enhanced-resolve/lib/Resolver.js:718:5
      at eval (eval at create (/opt/cdn/cdn/node_modules/.pnpm/tapable@2.3.0/node_modules/tapable/lib/HookCodeFactory.js:31:10), <anonymous>:16:1)
      at /opt/cdn/cdn/node_modules/.pnpm/enhanced-resolve@5.18.3/node_modules/enhanced-resolve/lib/Resolver.js:718:5
      at eval (eval at create (/opt/cdn/cdn/node_modules/.pnpm/tapable@2.3.0/node_modules/tapable/lib/HookCodeFactory.js:31:10), <anonymous>:15:1)
      at /opt/cdn/cdn/node_modules/.pnpm/enhanced-resolve@5.18.3/node_modules/enhanced-resolve/lib/Resolver.js:718:5
      at eval (eval at create (/opt/cdn/cdn/node_modules/.pnpm/tapable@2.3.0/node_modules/tapable/lib/HookCodeFactory.js:31:10), <anonymous>:15:1)
      at /opt/cdn/cdn/node_modules/.pnpm/enhanced-resolve@5.18.3/node_modules/enhanced-resolve/lib/FileExistsPlugin.js:39:14
      at SyncAsyncFileSystemDecorator.stat (/opt/cdn/cdn/node_modules/.pnpm/enhanced-resolve@5.18.3/node_modules/enhanced-resolve/lib/SyncAsyncFileSystemDecorator.js:66:34)
      at /opt/cdn/cdn/node_modules/.pnpm/enhanced-resolve@5.18.3/node_modules/enhanced-resolve/lib/FileExistsPlugin.js:33:8
      at Hook.eval [as callAsync] (eval at create (/opt/cdn/cdn/node_modules/.pnpm/tapable@2.3.0/node_modules/tapable/lib/HookCodeFactory.js:31:10), <anonymous>:7:1)
      at Resolver.doResolve (/opt/cdn/cdn/node_modules/.pnpm/enhanced-resolve@5.18.3/node_modules/enhanced-resolve/lib/Resolver.js:715:16)
      at /opt/cdn/cdn/node_modules/.pnpm/enhanced-resolve@5.18.3/node_modules/enhanced-resolve/lib/NextPlugin.js:30:14
      at Hook.eval [as callAsync] (eval at create (/opt/cdn/cdn/node_modules/.pnpm/tapable@2.3.0/node_modules/tapable/lib/HookCodeFactory.js:31:10), <anonymous>:7:1)
      at Resolver.doResolve (/opt/cdn/cdn/node_modules/.pnpm/enhanced-resolve@5.18.3/node_modules/enhanced-resolve/lib/Resolver.js:715:16)
      at /opt/cdn/cdn/node_modules/.pnpm/enhanced-resolve@5.18.3/node_modules/enhanced-resolve/lib/AppendPlugin.js:40:14
      at _next1 (eval at create (/opt/cdn/cdn/node_modules/.pnpm/tapable@2.3.0/node_modules/tapable/lib/HookCodeFactory.js:31:10), <anonymous>:8:1)
      at eval (eval at create (/opt/cdn/cdn/node_modules/.pnpm/tapable@2.3.0/node_modules/tapable/lib/HookCodeFactory.js:31:10), <anonymous>:31:1)
      at /opt/cdn/cdn/node_modules/.pnpm/enhanced-resolve@5.18.3/node_modules/enhanced-resolve/lib/Resolver.js:718:5
      at eval (eval at create (/opt/cdn/cdn/node_modules/.pnpm/tapable@2.3.0/node_modules/tapable/lib/HookCodeFactory.js:31:10), <anonymous>:15:1)
      at /opt/cdn/cdn/node_modules/.pnpm/enhanced-resolve@5.18.3/node_modules/enhanced-resolve/lib/Resolver.js:718:5
      at eval (eval at create (/opt/cdn/cdn/node_modules/.pnpm/tapable@2.3.0/node_modules/tapable/lib/HookCodeFactory.js:31:10), <anonymous>:15:1)
      at /opt/cdn/cdn/node_modules/.pnpm/enhanced-resolve@5.18.3/node_modules/enhanced-resolve/lib/FileExistsPlugin.js:39:14
11:27:07 [vite] Internal server error: Can't resolve 'tailwindcss' in '/opt/cdn/cdn/src'
  Plugin: @tailwindcss/vite:generate:serve
  File: /opt/cdn/cdn/src/App.css
      at finishWithoutResolve (/opt/cdn/cdn/node_modules/.pnpm/enhanced-resolve@5.18.3/node_modules/enhanced-resolve/lib/Resolver.js:565:18)
      at /opt/cdn/cdn/node_modules/.pnpm/enhanced-resolve@5.18.3/node_modules/enhanced-resolve/lib/Resolver.js:657:14
      at /opt/cdn/cdn/node_modules/.pnpm/enhanced-resolve@5.18.3/node_modules/enhanced-resolve/lib/Resolver.js:718:5
      at eval (eval at create (/opt/cdn/cdn/node_modules/.pnpm/tapable@2.3.0/node_modules/tapable/lib/HookCodeFactory.js:31:10), <anonymous>:15:1)
      at /opt/cdn/cdn/node_modules/.pnpm/enhanced-resolve@5.18.3/node_modules/enhanced-resolve/lib/Resolver.js:718:5
      at eval (eval at create (/opt/cdn/cdn/node_modules/.pnpm/tapable@2.3.0/node_modules/tapable/lib/HookCodeFactory.js:31:10), <anonymous>:27:1)
      at /opt/cdn/cdn/node_modules/.pnpm/enhanced-resolve@5.18.3/node_modules/enhanced-resolve/lib/DescriptionFilePlugin.js:89:43
      at /opt/cdn/cdn/node_modules/.pnpm/enhanced-resolve@5.18.3/node_modules/enhanced-resolve/lib/Resolver.js:718:5
      at eval (eval at create (/opt/cdn/cdn/node_modules/.pnpm/tapable@2.3.0/node_modules/tapable/lib/HookCodeFactory.js:31:10), <anonymous>:15:1)
      at /opt/cdn/cdn/node_modules/.pnpm/enhanced-resolve@5.18.3/node_modules/enhanced-resolve/lib/Resolver.js:718:5
      at eval (eval at create (/opt/cdn/cdn/node_modules/.pnpm/tapable@2.3.0/node_modules/tapable/lib/HookCodeFactory.js:31:10), <anonymous>:15:1)
      at /opt/cdn/cdn/node_modules/.pnpm/enhanced-resolve@5.18.3/node_modules/enhanced-resolve/lib/Resolver.js:718:5
      at eval (eval at create (/opt/cdn/cdn/node_modules/.pnpm/tapable@2.3.0/node_modules/tapable/lib/HookCodeFactory.js:31:10), <anonymous>:42:1)
      at /opt/cdn/cdn/node_modules/.pnpm/enhanced-resolve@5.18.3/node_modules/enhanced-resolve/lib/ConditionalPlugin.js:53:42
      at /opt/cdn/cdn/node_modules/.pnpm/enhanced-resolve@5.18.3/node_modules/enhanced-resolve/lib/Resolver.js:718:5
      at eval (eval at create (/opt/cdn/cdn/node_modules/.pnpm/tapable@2.3.0/node_modules/tapable/lib/HookCodeFactory.js:31:10), <anonymous>:16:1)
      at /opt/cdn/cdn/node_modules/.pnpm/enhanced-resolve@5.18.3/node_modules/enhanced-resolve/lib/Resolver.js:718:5
      at eval (eval at create (/opt/cdn/cdn/node_modules/.pnpm/tapable@2.3.0/node_modules/tapable/lib/HookCodeFactory.js:31:10), <anonymous>:15:1)
      at /opt/cdn/cdn/node_modules/.pnpm/enhanced-resolve@5.18.3/node_modules/enhanced-resolve/lib/Resolver.js:718:5
      at eval (eval at create (/opt/cdn/cdn/node_modules/.pnpm/tapable@2.3.0/node_modules/tapable/lib/HookCodeFactory.js:31:10), <anonymous>:16:1)
      at /opt/cdn/cdn/node_modules/.pnpm/enhanced-resolve@5.18.3/node_modules/enhanced-resolve/lib/DirectoryExistsPlugin.js:43:15
      at SyncAsyncFileSystemDecorator.stat (/opt/cdn/cdn/node_modules/.pnpm/enhanced-resolve@5.18.3/node_modules/enhanced-resolve/lib/SyncAsyncFileSystemDecorator.js:66:34)
      at /opt/cdn/cdn/node_modules/.pnpm/enhanced-resolve@5.18.3/node_modules/enhanced-resolve/lib/DirectoryExistsPlugin.js:35:9
      at _next0 (eval at create (/opt/cdn/cdn/node_modules/.pnpm/tapable@2.3.0/node_modules/tapable/lib/HookCodeFactory.js:31:10), <anonymous>:8:1)
      at eval (eval at create (/opt/cdn/cdn/node_modules/.pnpm/tapable@2.3.0/node_modules/tapable/lib/HookCodeFactory.js:31:10), <anonymous>:30:1)
      at /opt/cdn/cdn/node_modules/.pnpm/enhanced-resolve@5.18.3/node_modules/enhanced-resolve/lib/Resolver.js:718:5
      at eval (eval at create (/opt/cdn/cdn/node_modules/.pnpm/tapable@2.3.0/node_modules/tapable/lib/HookCodeFactory.js:31:10), <anonymous>:27:1)
      at /opt/cdn/cdn/node_modules/.pnpm/enhanced-resolve@5.18.3/node_modules/enhanced-resolve/lib/DescriptionFilePlugin.js:89:43
      at /opt/cdn/cdn/node_modules/.pnpm/enhanced-resolve@5.18.3/node_modules/enhanced-resolve/lib/Resolver.js:718:5
      at eval (eval at create (/opt/cdn/cdn/node_modules/.pnpm/tapable@2.3.0/node_modules/tapable/lib/HookCodeFactory.js:31:10), <anonymous>:16:1)
      at /opt/cdn/cdn/node_modules/.pnpm/enhanced-resolve@5.18.3/node_modules/enhanced-resolve/lib/Resolver.js:718:5
      at eval (eval at create (/opt/cdn/cdn/node_modules/.pnpm/tapable@2.3.0/node_modules/tapable/lib/HookCodeFactory.js:31:10), <anonymous>:15:1)
      at /opt/cdn/cdn/node_modules/.pnpm/enhanced-resolve@5.18.3/node_modules/enhanced-resolve/lib/Resolver.js:718:5
      at eval (eval at create (/opt/cdn/cdn/node_modules/.pnpm/tapable@2.3.0/node_modules/tapable/lib/HookCodeFactory.js:31:10), <anonymous>:15:1)
      at /opt/cdn/cdn/node_modules/.pnpm/enhanced-resolve@5.18.3/node_modules/enhanced-resolve/lib/FileExistsPlugin.js:39:14
      at SyncAsyncFileSystemDecorator.stat (/opt/cdn/cdn/node_modules/.pnpm/enhanced-resolve@5.18.3/node_modules/enhanced-resolve/lib/SyncAsyncFileSystemDecorator.js:66:34)
      at /opt/cdn/cdn/node_modules/.pnpm/enhanced-resolve@5.18.3/node_modules/enhanced-resolve/lib/FileExistsPlugin.js:33:8
      at Hook.eval [as callAsync] (eval at create (/opt/cdn/cdn/node_modules/.pnpm/tapable@2.3.0/node_modules/tapable/lib/HookCodeFactory.js:31:10), <anonymous>:7:1)
      at Resolver.doResolve (/opt/cdn/cdn/node_modules/.pnpm/enhanced-resolve@5.18.3/node_modules/enhanced-resolve/lib/Resolver.js:715:16)
      at /opt/cdn/cdn/node_modules/.pnpm/enhanced-resolve@5.18.3/node_modules/enhanced-resolve/lib/NextPlugin.js:30:14
      at Hook.eval [as callAsync] (eval at create (/opt/cdn/cdn/node_modules/.pnpm/tapable@2.3.0/node_modules/tapable/lib/HookCodeFactory.js:31:10), <anonymous>:7:1)
      at Resolver.doResolve (/opt/cdn/cdn/node_modules/.pnpm/enhanced-resolve@5.18.3/node_modules/enhanced-resolve/lib/Resolver.js:715:16)
      at /opt/cdn/cdn/node_modules/.pnpm/enhanced-resolve@5.18.3/node_modules/enhanced-resolve/lib/AppendPlugin.js:40:14
      at _next1 (eval at create (/opt/cdn/cdn/node_modules/.pnpm/tapable@2.3.0/node_modules/tapable/lib/HookCodeFactory.js:31:10), <anonymous>:8:1)
      at eval (eval at create (/opt/cdn/cdn/node_modules/.pnpm/tapable@2.3.0/node_modules/tapable/lib/HookCodeFactory.js:31:10), <anonymous>:31:1)
      at /opt/cdn/cdn/node_modules/.pnpm/enhanced-resolve@5.18.3/node_modules/enhanced-resolve/lib/Resolver.js:718:5
      at eval (eval at create (/opt/cdn/cdn/node_modules/.pnpm/tapable@2.3.0/node_modules/tapable/lib/HookCodeFactory.js:31:10), <anonymous>:15:1)
      at /opt/cdn/cdn/node_modules/.pnpm/enhanced-resolve@5.18.3/node_modules/enhanced-resolve/lib/Resolver.js:718:5
      at eval (eval at create (/opt/cdn/cdn/node_modules/.pnpm/tapable@2.3.0/node_modules/tapable/lib/HookCodeFactory.js:31:10), <anonymous>:15:1)
      at /opt/cdn/cdn/node_modules/.pnpm/enhanced-resolve@5.18.3/node_modules/enhanced-resolve/lib/FileExistsPlugin.js:39:14
11:27:31 [vite] Internal server error: Cannot find module '/opt/cdn/cdn/node_modules/.pnpm/vite@7.1.10_jiti@2.6.1_lightningcss@1.30.1/node_modules/vite/dist/node/chunks/dep-BRReGxEs.js' imported from /opt/cdn/cdn/node_modules/.pnpm/vite@7.1.10_jiti@2.6.1_lightningcss@1.30.1/node_modules/vite/dist/node/chunks/dep-B0GuR2De.js
      at finalizeResolution (node:internal/modules/esm/resolve:274:11)
      at moduleResolve (node:internal/modules/esm/resolve:859:10)
      at defaultResolve (node:internal/modules/esm/resolve:983:11)
      at nextResolve (node:internal/modules/esm/hooks:748:28)
      at o (file:///opt/cdn/cdn/node_modules/.pnpm/@tailwindcss+node@4.1.14/node_modules/@tailwindcss/node/dist/esm-cache.loader.mjs:1:69)
      at nextResolve (node:internal/modules/esm/hooks:748:28)
      at Hooks.resolve (node:internal/modules/esm/hooks:240:30)
      at MessagePort.handleMessage (node:internal/modules/esm/worker:199:24)
      at [nodejs.internal.kHybridDispatch] (node:internal/event_target:827:20)
      at MessagePort.<anonymous> (node:internal/per_context/messageport:23:28)
11:27:31 [vite] (client) hmr update /src/index.css, /src/App.css
11:27:31 [vite] Internal server error: Cannot find module '/opt/cdn/cdn/node_modules/.pnpm/vite@7.1.10_jiti@2.6.1_lightningcss@1.30.1/node_modules/vite/dist/node/chunks/dep-BRReGxEs.js' imported from /opt/cdn/cdn/node_modules/.pnpm/vite@7.1.10_jiti@2.6.1_lightningcss@1.30.1/node_modules/vite/dist/node/chunks/dep-B0GuR2De.js
      at finalizeResolution (node:internal/modules/esm/resolve:274:11)
      at moduleResolve (node:internal/modules/esm/resolve:859:10)
      at defaultResolve (node:internal/modules/esm/resolve:983:11)
      at nextResolve (node:internal/modules/esm/hooks:748:28)
      at o (file:///opt/cdn/cdn/node_modules/.pnpm/@tailwindcss+node@4.1.14/node_modules/@tailwindcss/node/dist/esm-cache.loader.mjs:1:69)
      at nextResolve (node:internal/modules/esm/hooks:748:28)
      at Hooks.resolve (node:internal/modules/esm/hooks:240:30)
      at handleMessage (node:internal/modules/esm/worker:199:24)
      at checkForMessages (node:internal/modules/esm/worker:141:28)
      at process.<anonymous> (node:internal/modules/esm/worker:160:5)
11:27:32 [vite] Internal server error: Cannot find module '/opt/cdn/cdn/node_modules/.pnpm/vite@7.1.10_jiti@2.6.1_lightningcss@1.30.1/node_modules/vite/dist/node/chunks/dep-BRReGxEs.js' imported from /opt/cdn/cdn/node_modules/.pnpm/vite@7.1.10_jiti@2.6.1_lightningcss@1.30.1/node_modules/vite/dist/node/chunks/dep-B0GuR2De.js
      at finalizeResolution (node:internal/modules/esm/resolve:274:11)
      at moduleResolve (node:internal/modules/esm/resolve:859:10)
      at defaultResolve (node:internal/modules/esm/resolve:983:11)
      at nextResolve (node:internal/modules/esm/hooks:748:28)
      at o (file:///opt/cdn/cdn/node_modules/.pnpm/@tailwindcss+node@4.1.14/node_modules/@tailwindcss/node/dist/esm-cache.loader.mjs:1:69)
      at nextResolve (node:internal/modules/esm/hooks:748:28)
      at Hooks.resolve (node:internal/modules/esm/hooks:240:30)
      at MessagePort.handleMessage (node:internal/modules/esm/worker:199:24)
      at [nodejs.internal.kHybridDispatch] (node:internal/event_target:827:20)
      at MessagePort.<anonymous> (node:internal/per_context/messageport:23:28)
11:27:32 [vite] (client) hmr update /src/index.css, /src/App.css
11:27:32 [vite] Internal server error: Cannot find module '/opt/cdn/cdn/node_modules/.pnpm/vite@7.1.10_jiti@2.6.1_lightningcss@1.30.1/node_modules/vite/dist/node/chunks/dep-BRReGxEs.js' imported from /opt/cdn/cdn/node_modules/.pnpm/vite@7.1.10_jiti@2.6.1_lightningcss@1.30.1/node_modules/vite/dist/node/chunks/dep-B0GuR2De.js
      at finalizeResolution (node:internal/modules/esm/resolve:274:11)
      at moduleResolve (node:internal/modules/esm/resolve:859:10)
      at defaultResolve (node:internal/modules/esm/resolve:983:11)
      at nextResolve (node:internal/modules/esm/hooks:748:28)
      at o (file:///opt/cdn/cdn/node_modules/.pnpm/@tailwindcss+node@4.1.14/node_modules/@tailwindcss/node/dist/esm-cache.loader.mjs:1:69)
      at nextResolve (node:internal/modules/esm/hooks:748:28)
      at Hooks.resolve (node:internal/modules/esm/hooks:240:30)
      at MessagePort.handleMessage (node:internal/modules/esm/worker:199:24)
      at [nodejs.internal.kHybridDispatch] (node:internal/event_target:827:20)
      at MessagePort.<anonymous> (node:internal/per_context/messageport:23:28)
11:27:33 [vite] Internal server error: Cannot find module '/opt/cdn/cdn/node_modules/.pnpm/vite@7.1.10_jiti@2.6.1_lightningcss@1.30.1/node_modules/vite/dist/node/chunks/dep-BRReGxEs.js' imported from /opt/cdn/cdn/node_modules/.pnpm/vite@7.1.10_jiti@2.6.1_lightningcss@1.30.1/node_modules/vite/dist/node/chunks/dep-B0GuR2De.js
      at finalizeResolution (node:internal/modules/esm/resolve:274:11)
      at moduleResolve (node:internal/modules/esm/resolve:859:10)
      at defaultResolve (node:internal/modules/esm/resolve:983:11)
      at nextResolve (node:internal/modules/esm/hooks:748:28)
      at o (file:///opt/cdn/cdn/node_modules/.pnpm/@tailwindcss+node@4.1.14/node_modules/@tailwindcss/node/dist/esm-cache.loader.mjs:1:69)
      at nextResolve (node:internal/modules/esm/hooks:748:28)
      at Hooks.resolve (node:internal/modules/esm/hooks:240:30)
      at MessagePort.handleMessage (node:internal/modules/esm/worker:199:24)
      at [nodejs.internal.kHybridDispatch] (node:internal/event_target:827:20)
      at MessagePort.<anonymous> (node:internal/per_context/messageport:23:28)
11:27:33 [vite] (client) hmr update /src/index.css, /src/App.css
11:27:33 [vite] Internal server error: Cannot find module '/opt/cdn/cdn/node_modules/.pnpm/vite@7.1.10_jiti@2.6.1_lightningcss@1.30.1/node_modules/vite/dist/node/chunks/dep-BRReGxEs.js' imported from /opt/cdn/cdn/node_modules/.pnpm/vite@7.1.10_jiti@2.6.1_lightningcss@1.30.1/node_modules/vite/dist/node/chunks/dep-B0GuR2De.js
      at finalizeResolution (node:internal/modules/esm/resolve:274:11)
      at moduleResolve (node:internal/modules/esm/resolve:859:10)
      at defaultResolve (node:internal/modules/esm/resolve:983:11)
      at nextResolve (node:internal/modules/esm/hooks:748:28)
      at o (file:///opt/cdn/cdn/node_modules/.pnpm/@tailwindcss+node@4.1.14/node_modules/@tailwindcss/node/dist/esm-cache.loader.mjs:1:69)
      at nextResolve (node:internal/modules/esm/hooks:748:28)
      at Hooks.resolve (node:internal/modules/esm/hooks:240:30)
      at MessagePort.handleMessage (node:internal/modules/esm/worker:199:24)
      at [nodejs.internal.kHybridDispatch] (node:internal/event_target:827:20)
      at MessagePort.<anonymous> (node:internal/per_context/messageport:23:28)
